[ 2018-04-21T19:24:41+08:00 ] ::1 /thinkphp/blog/index.php/index/article/id/1
INFO: [ app_init ] --START--
INFO: Run Behavior\BuildLiteBehavior [ RunTime:0.000026s ]
INFO: [ app_init ] --END-- [ RunTime:0.000556s ]
INFO: [ app_begin ] --START--
INFO: Run Behavior\ReadHtmlCacheBehavior [ RunTime:0.000547s ]
INFO: [ app_begin ] --END-- [ RunTime:0.000660s ]
SQL: SHOW COLUMNS FROM `blog_article` [ RunTime:0.0879s ]
SQL: SHOW COLUMNS FROM `blog_category` [ RunTime:0.0484s ]
SQL: SELECT Article.articleId AS articleId,Article.title AS title,Article.description AS description,Article.image AS image,Article.hits AS hits,Article.createdAt AS createdAt,Article.updateAt AS updateAt,Article.status AS status,Article.sort AS sort,Article.content AS content,Category.categoryId AS categoryId,Category.name AS name FROM blog_article Article  JOIN blog_category Category ON Article.categoryId=Category.categoryId LIMIT 1   [ RunTime:0.0006s ]
SQL: SHOW COLUMNS FROM `blog_comment` [ RunTime:0.0586s ]
SQL: SELECT * FROM `blog_comment` WHERE `articleId` = 1 ORDER BY commentId DESC LIMIT 30   [ RunTime:0.0006s ]
INFO: [ view_parse ] --START--
INFO: [ template_filter ] --START--
INFO: Run Behavior\ContentReplaceBehavior [ RunTime:0.000227s ]
INFO: [ template_filter ] --END-- [ RunTime:0.000426s ]
SQL: SHOW COLUMNS FROM `blog_category` [ RunTime:0.0050s ]
SQL: SELECT * FROM `blog_category` WHERE `isNav` = 1 ORDER BY sort DESC  [ RunTime:0.0003s ]
SQL: SHOW COLUMNS FROM `blog_category` [ RunTime:0.0052s ]
SQL: SELECT * FROM `blog_category` ORDER BY sort DESC  [ RunTime:0.0003s ]
SQL: SHOW COLUMNS FROM `blog_link` [ RunTime:0.0625s ]
SQL: SELECT * FROM `blog_link` WHERE `status` = 1 ORDER BY linkId DESC  [ RunTime:0.0006s ]
INFO: Run Behavior\ParseTemplateBehavior [ RunTime:0.095458s ]
INFO: [ view_parse ] --END-- [ RunTime:0.095582s ]
INFO: [ view_filter ] --START--
INFO: Run Behavior\WriteHtmlCacheBehavior [ RunTime:0.000455s ]
INFO: [ view_filter ] --END-- [ RunTime:0.000570s ]
INFO: [ app_end ] --START--
INFO: Run Behavior\ShowPageTraceBehavior [ RunTime:0.000515s ]
INFO: [ app_end ] --END-- [ RunTime:0.000618s ]

[ 2018-04-21T19:50:11+08:00 ] ::1 /thinkphp/blog/index.php
INFO: [ app_init ] --START--
INFO: Run Behavior\BuildLiteBehavior [ RunTime:0.000043s ]
INFO: [ app_init ] --END-- [ RunTime:0.000510s ]
INFO: [ app_begin ] --START--
INFO: Run Behavior\ReadHtmlCacheBehavior [ RunTime:0.001067s ]
INFO: [ app_begin ] --END-- [ RunTime:0.001283s ]
SQL: SHOW COLUMNS FROM `blog_article` [ RunTime:0.0052s ]
SQL: SHOW COLUMNS FROM `blog_category` [ RunTime:0.0040s ]
SQL: SELECT COUNT(*) AS tp_count FROM blog_article Article  JOIN blog_category Category ON Article.categoryId=Category.categoryId WHERE Article.status = 1 LIMIT 1   [ RunTime:0.0003s ]
SQL: SELECT Article.articleId AS articleId,Article.title AS title,Article.description AS description,Article.image AS image,Article.hits AS hits,Article.createdAt AS createdAt,Article.updateAt AS updateAt,Article.status AS status,Article.sort AS sort,Article.content AS content,Category.categoryId AS categoryId,Category.name AS name FROM blog_article Article  JOIN blog_category Category ON Article.categoryId=Category.categoryId WHERE Article.status = 1 ORDER BY Article.sort DESC,Article.articleId DESC LIMIT 0,10   [ RunTime:0.0043s ]
INFO: [ view_parse ] --START--
INFO: [ template_filter ] --START--
INFO: Run Behavior\ContentReplaceBehavior [ RunTime:0.000113s ]
INFO: [ template_filter ] --END-- [ RunTime:0.000233s ]
SQL: SHOW COLUMNS FROM `blog_category` [ RunTime:0.0046s ]
SQL: SELECT * FROM `blog_category` WHERE `isNav` = 1 ORDER BY sort DESC  [ RunTime:0.0003s ]
SQL: SHOW COLUMNS FROM `blog_category` [ RunTime:0.0039s ]
SQL: SELECT * FROM `blog_category` ORDER BY sort DESC  [ RunTime:0.0002s ]
SQL: SHOW COLUMNS FROM `blog_link` [ RunTime:0.0035s ]
SQL: SELECT * FROM `blog_link` WHERE `status` = 1 ORDER BY linkId DESC  [ RunTime:0.0003s ]
INFO: Run Behavior\ParseTemplateBehavior [ RunTime:0.034225s ]
INFO: [ view_parse ] --END-- [ RunTime:0.034393s ]
INFO: [ view_filter ] --START--
INFO: Run Behavior\WriteHtmlCacheBehavior [ RunTime:0.001202s ]
INFO: [ view_filter ] --END-- [ RunTime:0.001398s ]
INFO: [ app_end ] --START--
INFO: Run Behavior\ShowPageTraceBehavior [ RunTime:0.000789s ]
INFO: [ app_end ] --END-- [ RunTime:0.000936s ]

[ 2018-04-21T19:50:40+08:00 ] ::1 /thinkphp/blog/index.php/index/article/id/1
INFO: [ app_init ] --START--
INFO: Run Behavior\BuildLiteBehavior [ RunTime:0.000052s ]
INFO: [ app_init ] --END-- [ RunTime:0.000762s ]
INFO: [ app_begin ] --START--
INFO: Run Behavior\ReadHtmlCacheBehavior [ RunTime:0.001010s ]
INFO: [ app_begin ] --END-- [ RunTime:0.001226s ]
SQL: SHOW COLUMNS FROM `blog_article` [ RunTime:0.0211s ]
SQL: SHOW COLUMNS FROM `blog_category` [ RunTime:0.0052s ]
SQL: SELECT Article.articleId AS articleId,Article.title AS title,Article.description AS description,Article.image AS image,Article.hits AS hits,Article.createdAt AS createdAt,Article.updateAt AS updateAt,Article.status AS status,Article.sort AS sort,Article.content AS content,Category.categoryId AS categoryId,Category.name AS name FROM blog_article Article  JOIN blog_category Category ON Article.categoryId=Category.categoryId LIMIT 1   [ RunTime:0.0006s ]
SQL: SHOW COLUMNS FROM `blog_comment` [ RunTime:0.0046s ]
SQL: SELECT * FROM `blog_comment` WHERE `articleId` = 1 ORDER BY commentId DESC LIMIT 30   [ RunTime:0.0003s ]
INFO: [ view_parse ] --START--
INFO: [ template_filter ] --START--
INFO: Run Behavior\ContentReplaceBehavior [ RunTime:0.000215s ]
INFO: [ template_filter ] --END-- [ RunTime:0.000454s ]
SQL: SHOW COLUMNS FROM `blog_category` [ RunTime:0.0054s ]
SQL: SELECT * FROM `blog_category` WHERE `isNav` = 1 ORDER BY sort DESC  [ RunTime:0.0003s ]
SQL: SHOW COLUMNS FROM `blog_category` [ RunTime:0.0047s ]
SQL: SELECT * FROM `blog_category` ORDER BY sort DESC  [ RunTime:0.0003s ]
SQL: SHOW COLUMNS FROM `blog_link` [ RunTime:0.0044s ]
SQL: SELECT * FROM `blog_link` WHERE `status` = 1 ORDER BY linkId DESC  [ RunTime:0.0006s ]
INFO: Run Behavior\ParseTemplateBehavior [ RunTime:0.040751s ]
INFO: [ view_parse ] --END-- [ RunTime:0.040929s ]
INFO: [ view_filter ] --START--
INFO: Run Behavior\WriteHtmlCacheBehavior [ RunTime:0.000661s ]
INFO: [ view_filter ] --END-- [ RunTime:0.000841s ]
INFO: [ app_end ] --START--
INFO: Run Behavior\ShowPageTraceBehavior [ RunTime:0.000834s ]
INFO: [ app_end ] --END-- [ RunTime:0.001018s ]

[ 2018-04-21T19:51:27+08:00 ] ::1 /thinkphp/blog/
INFO: [ app_init ] --START--
INFO: Run Behavior\BuildLiteBehavior [ RunTime:0.000024s ]
INFO: [ app_init ] --END-- [ RunTime:0.000389s ]
INFO: [ app_begin ] --START--
INFO: Run Behavior\ReadHtmlCacheBehavior [ RunTime:0.000413s ]
INFO: [ app_begin ] --END-- [ RunTime:0.000533s ]
SQL: SHOW COLUMNS FROM `blog_article` [ RunTime:0.0040s ]
SQL: SHOW COLUMNS FROM `blog_category` [ RunTime:0.0049s ]
SQL: SELECT COUNT(*) AS tp_count FROM blog_article Article  JOIN blog_category Category ON Article.categoryId=Category.categoryId WHERE Article.status = 1 LIMIT 1   [ RunTime:0.0004s ]
SQL: SELECT Article.articleId AS articleId,Article.title AS title,Article.description AS description,Article.image AS image,Article.hits AS hits,Article.createdAt AS createdAt,Article.updateAt AS updateAt,Article.status AS status,Article.sort AS sort,Article.content AS content,Category.categoryId AS categoryId,Category.name AS name FROM blog_article Article  JOIN blog_category Category ON Article.categoryId=Category.categoryId WHERE Article.status = 1 ORDER BY Article.sort DESC,Article.articleId DESC LIMIT 0,10   [ RunTime:0.0038s ]
INFO: [ view_parse ] --START--
INFO: [ template_filter ] --START--
INFO: Run Behavior\ContentReplaceBehavior [ RunTime:0.000104s ]
INFO: [ template_filter ] --END-- [ RunTime:0.000223s ]
SQL: SHOW COLUMNS FROM `blog_category` [ RunTime:0.0046s ]
SQL: SELECT * FROM `blog_category` WHERE `isNav` = 1 ORDER BY sort DESC  [ RunTime:0.0005s ]
SQL: SHOW COLUMNS FROM `blog_category` [ RunTime:0.0050s ]
SQL: SELECT * FROM `blog_category` ORDER BY sort DESC  [ RunTime:0.0003s ]
SQL: SHOW COLUMNS FROM `blog_link` [ RunTime:0.0054s ]
SQL: SELECT * FROM `blog_link` WHERE `status` = 1 ORDER BY linkId DESC  [ RunTime:0.0006s ]
INFO: Run Behavior\ParseTemplateBehavior [ RunTime:0.039968s ]
INFO: [ view_parse ] --END-- [ RunTime:0.040157s ]
INFO: [ view_filter ] --START--
INFO: Run Behavior\WriteHtmlCacheBehavior [ RunTime:0.000662s ]
INFO: [ view_filter ] --END-- [ RunTime:0.000849s ]
INFO: [ app_end ] --START--
INFO: Run Behavior\ShowPageTraceBehavior [ RunTime:0.000750s ]
INFO: [ app_end ] --END-- [ RunTime:0.000940s ]

[ 2018-04-21T20:13:15+08:00 ] ::1 /thinkphp/blog/
INFO: [ app_init ] --START--
INFO: Run Behavior\BuildLiteBehavior [ RunTime:0.000028s ]
INFO: [ app_init ] --END-- [ RunTime:0.000704s ]
INFO: [ app_begin ] --START--
INFO: Run Behavior\ReadHtmlCacheBehavior [ RunTime:0.000627s ]
INFO: [ app_begin ] --END-- [ RunTime:0.000790s ]
SQL: SHOW COLUMNS FROM `blog_article` [ RunTime:0.0078s ]
SQL: SHOW COLUMNS FROM `blog_category` [ RunTime:0.0034s ]
SQL: SELECT COUNT(*) AS tp_count FROM blog_article Article  JOIN blog_category Category ON Article.categoryId=Category.categoryId WHERE Article.status = 1 LIMIT 1   [ RunTime:0.0003s ]
SQL: SELECT Article.articleId AS articleId,Article.title AS title,Article.description AS description,Article.image AS image,Article.hits AS hits,Article.createdAt AS createdAt,Article.updateAt AS updateAt,Article.status AS status,Article.sort AS sort,Article.content AS content,Category.categoryId AS categoryId,Category.name AS name FROM blog_article Article  JOIN blog_category Category ON Article.categoryId=Category.categoryId WHERE Article.status = 1 ORDER BY Article.sort DESC,Article.articleId DESC LIMIT 0,10   [ RunTime:0.0050s ]
INFO: [ view_parse ] --START--
INFO: [ template_filter ] --START--
INFO: Run Behavior\ContentReplaceBehavior [ RunTime:0.000114s ]
INFO: [ template_filter ] --END-- [ RunTime:0.000249s ]
SQL: SHOW COLUMNS FROM `blog_category` [ RunTime:0.0035s ]
SQL: SELECT * FROM `blog_category` WHERE `isNav` = 1 ORDER BY sort DESC  [ RunTime:0.0002s ]
SQL: SHOW COLUMNS FROM `blog_category` [ RunTime:0.0039s ]
SQL: SELECT * FROM `blog_category` ORDER BY sort DESC  [ RunTime:0.0003s ]
SQL: SHOW COLUMNS FROM `blog_link` [ RunTime:0.0037s ]
SQL: SELECT * FROM `blog_link` WHERE `status` = 1 ORDER BY linkId DESC  [ RunTime:0.0003s ]
INFO: Run Behavior\ParseTemplateBehavior [ RunTime:0.035654s ]
INFO: [ view_parse ] --END-- [ RunTime:0.035834s ]
INFO: [ view_filter ] --START--
INFO: Run Behavior\WriteHtmlCacheBehavior [ RunTime:0.000474s ]
INFO: [ view_filter ] --END-- [ RunTime:0.000579s ]
INFO: [ app_end ] --START--
INFO: Run Behavior\ShowPageTraceBehavior [ RunTime:0.000546s ]
INFO: [ app_end ] --END-- [ RunTime:0.000686s ]

[ 2018-04-21T20:13:17+08:00 ] ::1 /thinkphp/blog/index.php/index/category/id/4
INFO: [ app_init ] --START--
INFO: Run Behavior\BuildLiteBehavior [ RunTime:0.000038s ]
INFO: [ app_init ] --END-- [ RunTime:0.000551s ]
INFO: [ app_begin ] --START--
INFO: Run Behavior\ReadHtmlCacheBehavior [ RunTime:0.000610s ]
INFO: [ app_begin ] --END-- [ RunTime:0.000797s ]
SQL: SHOW COLUMNS FROM `blog_category` [ RunTime:0.0195s ]
SQL: SELECT * FROM `blog_category` WHERE `categoryId` = 4 LIMIT 1   [ RunTime:0.0002s ]
SQL: SHOW COLUMNS FROM `blog_article` [ RunTime:0.0037s ]
SQL: SHOW COLUMNS FROM `blog_category` [ RunTime:0.0051s ]
SQL: SELECT COUNT(*) AS tp_count FROM blog_article Article  JOIN blog_category Category ON Article.categoryId=Category.categoryId WHERE Article.status = 1 AND Category.categoryId = '4' LIMIT 1   [ RunTime:0.0004s ]
SQL: SELECT Article.articleId AS articleId,Article.title AS title,Article.description AS description,Article.image AS image,Article.hits AS hits,Article.createdAt AS createdAt,Article.updateAt AS updateAt,Article.status AS status,Article.sort AS sort,Article.content AS content,Category.categoryId AS categoryId,Category.name AS name FROM blog_article Article  JOIN blog_category Category ON Article.categoryId=Category.categoryId WHERE Article.status = 1 AND Category.categoryId = '4' ORDER BY Article.sort DESC,Article.articleId DESC LIMIT 0,10   [ RunTime:0.0005s ]
INFO: [ view_parse ] --START--
INFO: [ template_filter ] --START--
INFO: Run Behavior\ContentReplaceBehavior [ RunTime:0.000160s ]
INFO: [ template_filter ] --END-- [ RunTime:0.000349s ]
SQL: SHOW COLUMNS FROM `blog_category` [ RunTime:0.0047s ]
SQL: SELECT * FROM `blog_category` WHERE `isNav` = 1 ORDER BY sort DESC  [ RunTime:0.0004s ]
SQL: SHOW COLUMNS FROM `blog_category` [ RunTime:0.0056s ]
SQL: SELECT * FROM `blog_category` ORDER BY sort DESC  [ RunTime:0.0003s ]
SQL: SHOW COLUMNS FROM `blog_link` [ RunTime:0.0044s ]
SQL: SELECT * FROM `blog_link` WHERE `status` = 1 ORDER BY linkId DESC  [ RunTime:0.0004s ]
INFO: Run Behavior\ParseTemplateBehavior [ RunTime:0.038235s ]
INFO: [ view_parse ] --END-- [ RunTime:0.038380s ]
INFO: [ view_filter ] --START--
INFO: Run Behavior\WriteHtmlCacheBehavior [ RunTime:0.000342s ]
INFO: [ view_filter ] --END-- [ RunTime:0.000449s ]
INFO: [ app_end ] --START--
INFO: Run Behavior\ShowPageTraceBehavior [ RunTime:0.000584s ]
INFO: [ app_end ] --END-- [ RunTime:0.000746s ]

[ 2018-04-21T20:13:21+08:00 ] ::1 /thinkphp/blog/index.php/index/category/id/3
INFO: [ app_init ] --START--
INFO: Run Behavior\BuildLiteBehavior [ RunTime:0.000027s ]
INFO: [ app_init ] --END-- [ RunTime:0.000587s ]
INFO: [ app_begin ] --START--
INFO: Run Behavior\ReadHtmlCacheBehavior [ RunTime:0.000672s ]
INFO: [ app_begin ] --END-- [ RunTime:0.000881s ]
SQL: SHOW COLUMNS FROM `blog_category` [ RunTime:0.0043s ]
SQL: SELECT * FROM `blog_category` WHERE `categoryId` = 3 LIMIT 1   [ RunTime:0.0002s ]
SQL: SHOW COLUMNS FROM `blog_article` [ RunTime:0.0048s ]
SQL: SHOW COLUMNS FROM `blog_category` [ RunTime:0.0046s ]
SQL: SELECT COUNT(*) AS tp_count FROM blog_article Article  JOIN blog_category Category ON Article.categoryId=Category.categoryId WHERE Article.status = 1 AND Category.categoryId = '3' LIMIT 1   [ RunTime:0.0004s ]
SQL: SELECT Article.articleId AS articleId,Article.title AS title,Article.description AS description,Article.image AS image,Article.hits AS hits,Article.createdAt AS createdAt,Article.updateAt AS updateAt,Article.status AS status,Article.sort AS sort,Article.content AS content,Category.categoryId AS categoryId,Category.name AS name FROM blog_article Article  JOIN blog_category Category ON Article.categoryId=Category.categoryId WHERE Article.status = 1 AND Category.categoryId = '3' ORDER BY Article.sort DESC,Article.articleId DESC LIMIT 0,10   [ RunTime:0.0006s ]
INFO: [ view_parse ] --START--
INFO: [ template_filter ] --START--
INFO: Run Behavior\ContentReplaceBehavior [ RunTime:0.000181s ]
INFO: [ template_filter ] --END-- [ RunTime:0.000381s ]
SQL: SHOW COLUMNS FROM `blog_category` [ RunTime:0.0057s ]
SQL: SELECT * FROM `blog_category` WHERE `isNav` = 1 ORDER BY sort DESC  [ RunTime:0.0004s ]
SQL: SHOW COLUMNS FROM `blog_category` [ RunTime:0.0050s ]
SQL: SELECT * FROM `blog_category` ORDER BY sort DESC  [ RunTime:0.0003s ]
SQL: SHOW COLUMNS FROM `blog_link` [ RunTime:0.0059s ]
SQL: SELECT * FROM `blog_link` WHERE `status` = 1 ORDER BY linkId DESC  [ RunTime:0.0004s ]
INFO: Run Behavior\ParseTemplateBehavior [ RunTime:0.044005s ]
INFO: [ view_parse ] --END-- [ RunTime:0.044190s ]
INFO: [ view_filter ] --START--
INFO: Run Behavior\WriteHtmlCacheBehavior [ RunTime:0.000445s ]
INFO: [ view_filter ] --END-- [ RunTime:0.000594s ]
INFO: [ app_end ] --START--
INFO: Run Behavior\ShowPageTraceBehavior [ RunTime:0.000542s ]
INFO: [ app_end ] --END-- [ RunTime:0.000674s ]

[ 2018-04-21T20:13:24+08:00 ] ::1 /thinkphp/blog/index.php/index/category/id/4
INFO: [ app_init ] --START--
INFO: Run Behavior\BuildLiteBehavior [ RunTime:0.000038s ]
INFO: [ app_init ] --END-- [ RunTime:0.000592s ]
INFO: [ app_begin ] --START--
INFO: Run Behavior\ReadHtmlCacheBehavior [ RunTime:0.000430s ]
INFO: [ app_begin ] --END-- [ RunTime:0.000554s ]
SQL: SHOW COLUMNS FROM `blog_category` [ RunTime:0.0045s ]
SQL: SELECT * FROM `blog_category` WHERE `categoryId` = 4 LIMIT 1   [ RunTime:0.0002s ]
SQL: SHOW COLUMNS FROM `blog_article` [ RunTime:0.0036s ]
SQL: SHOW COLUMNS FROM `blog_category` [ RunTime:0.0037s ]
SQL: SELECT COUNT(*) AS tp_count FROM blog_article Article  JOIN blog_category Category ON Article.categoryId=Category.categoryId WHERE Article.status = 1 AND Category.categoryId = '4' LIMIT 1   [ RunTime:0.0003s ]
SQL: SELECT Article.articleId AS articleId,Article.title AS title,Article.description AS description,Article.image AS image,Article.hits AS hits,Article.createdAt AS createdAt,Article.updateAt AS updateAt,Article.status AS status,Article.sort AS sort,Article.content AS content,Category.categoryId AS categoryId,Category.name AS name FROM blog_article Article  JOIN blog_category Category ON Article.categoryId=Category.categoryId WHERE Article.status = 1 AND Category.categoryId = '4' ORDER BY Article.sort DESC,Article.articleId DESC LIMIT 0,10   [ RunTime:0.0007s ]
INFO: [ view_parse ] --START--
INFO: [ template_filter ] --START--
INFO: Run Behavior\ContentReplaceBehavior [ RunTime:0.000106s ]
INFO: [ template_filter ] --END-- [ RunTime:0.000236s ]
SQL: SHOW COLUMNS FROM `blog_category` [ RunTime:0.0042s ]
SQL: SELECT * FROM `blog_category` WHERE `isNav` = 1 ORDER BY sort DESC  [ RunTime:0.0004s ]
SQL: SHOW COLUMNS FROM `blog_category` [ RunTime:0.0041s ]
SQL: SELECT * FROM `blog_category` ORDER BY sort DESC  [ RunTime:0.0003s ]
SQL: SHOW COLUMNS FROM `blog_link` [ RunTime:0.0052s ]
SQL: SELECT * FROM `blog_link` WHERE `status` = 1 ORDER BY linkId DESC  [ RunTime:0.0004s ]
INFO: Run Behavior\ParseTemplateBehavior [ RunTime:0.034595s ]
INFO: [ view_parse ] --END-- [ RunTime:0.034705s ]
INFO: [ view_filter ] --START--
INFO: Run Behavior\WriteHtmlCacheBehavior [ RunTime:0.000446s ]
INFO: [ view_filter ] --END-- [ RunTime:0.000589s ]
INFO: [ app_end ] --START--
INFO: Run Behavior\ShowPageTraceBehavior [ RunTime:0.000492s ]
INFO: [ app_end ] --END-- [ RunTime:0.000609s ]

[ 2018-04-21T20:23:43+08:00 ] ::1 /thinkphp/blog/index.php/index/article/id/1
INFO: [ app_init ] --START--
INFO: Run Behavior\BuildLiteBehavior [ RunTime:0.000026s ]
INFO: [ app_init ] --END-- [ RunTime:0.000452s ]
INFO: [ app_begin ] --START--
INFO: Run Behavior\ReadHtmlCacheBehavior [ RunTime:0.000547s ]
INFO: [ app_begin ] --END-- [ RunTime:0.000689s ]
SQL: SHOW COLUMNS FROM `blog_article` [ RunTime:0.0497s ]
SQL: SHOW COLUMNS FROM `blog_category` [ RunTime:0.0047s ]
SQL: SELECT Article.articleId AS articleId,Article.title AS title,Article.description AS description,Article.image AS image,Article.hits AS hits,Article.createdAt AS createdAt,Article.updateAt AS updateAt,Article.status AS status,Article.sort AS sort,Article.content AS content,Category.categoryId AS categoryId,Category.name AS name FROM blog_article Article  JOIN blog_category Category ON Article.categoryId=Category.categoryId LIMIT 1   [ RunTime:0.0008s ]
SQL: SHOW COLUMNS FROM `blog_comment` [ RunTime:0.0046s ]
SQL: SELECT * FROM `blog_comment` WHERE `articleId` = 1 ORDER BY commentId DESC LIMIT 30   [ RunTime:0.0003s ]
INFO: [ view_parse ] --START--
INFO: [ template_filter ] --START--
INFO: Run Behavior\ContentReplaceBehavior [ RunTime:0.000119s ]
INFO: [ template_filter ] --END-- [ RunTime:0.000234s ]
SQL: SHOW COLUMNS FROM `blog_category` [ RunTime:0.0046s ]
SQL: SELECT * FROM `blog_category` WHERE `isNav` = 1 ORDER BY sort DESC  [ RunTime:0.0003s ]
SQL: SHOW COLUMNS FROM `blog_category` [ RunTime:0.0054s ]
SQL: SELECT * FROM `blog_category` ORDER BY sort DESC  [ RunTime:0.0003s ]
SQL: SHOW COLUMNS FROM `blog_link` [ RunTime:0.0053s ]
SQL: SELECT * FROM `blog_link` WHERE `status` = 1 ORDER BY linkId DESC  [ RunTime:0.0004s ]
INFO: Run Behavior\ParseTemplateBehavior [ RunTime:0.039135s ]
INFO: [ view_parse ] --END-- [ RunTime:0.039249s ]
INFO: [ view_filter ] --START--
INFO: Run Behavior\WriteHtmlCacheBehavior [ RunTime:0.000567s ]
INFO: [ view_filter ] --END-- [ RunTime:0.000690s ]
INFO: [ app_end ] --START--
INFO: Run Behavior\ShowPageTraceBehavior [ RunTime:0.001065s ]
INFO: [ app_end ] --END-- [ RunTime:0.001299s ]

[ 2018-04-21T20:24:03+08:00 ] ::1 /thinkphp/blog/index.php/index/article/id/1
INFO: [ app_init ] --START--
INFO: Run Behavior\BuildLiteBehavior [ RunTime:0.000040s ]
INFO: [ app_init ] --END-- [ RunTime:0.000884s ]
INFO: [ app_begin ] --START--
INFO: Run Behavior\ReadHtmlCacheBehavior [ RunTime:0.000946s ]
INFO: [ app_begin ] --END-- [ RunTime:0.001171s ]
SQL: SHOW COLUMNS FROM `blog_article` [ RunTime:0.0215s ]
SQL: SHOW COLUMNS FROM `blog_category` [ RunTime:0.0050s ]
SQL: SELECT Article.articleId AS articleId,Article.title AS title,Article.description AS description,Article.image AS image,Article.hits AS hits,Article.createdAt AS createdAt,Article.updateAt AS updateAt,Article.status AS status,Article.sort AS sort,Article.content AS content,Category.categoryId AS categoryId,Category.name AS name FROM blog_article Article  JOIN blog_category Category ON Article.categoryId=Category.categoryId LIMIT 1   [ RunTime:0.0005s ]
SQL: SHOW COLUMNS FROM `blog_comment` [ RunTime:0.0053s ]
SQL: SELECT * FROM `blog_comment` WHERE `articleId` = 1 ORDER BY commentId DESC LIMIT 30   [ RunTime:0.0006s ]
INFO: [ view_parse ] --START--
INFO: [ template_filter ] --START--
INFO: Run Behavior\ContentReplaceBehavior [ RunTime:0.000205s ]
INFO: [ template_filter ] --END-- [ RunTime:0.000525s ]
SQL: SHOW COLUMNS FROM `blog_category` [ RunTime:0.0053s ]
SQL: SELECT * FROM `blog_category` WHERE `isNav` = 1 ORDER BY sort DESC  [ RunTime:0.0004s ]
SQL: SHOW COLUMNS FROM `blog_category` [ RunTime:0.0292s ]
SQL: SELECT * FROM `blog_category` ORDER BY sort DESC  [ RunTime:0.0004s ]
SQL: SHOW COLUMNS FROM `blog_link` [ RunTime:0.0057s ]
SQL: SELECT * FROM `blog_link` WHERE `status` = 1 ORDER BY linkId DESC  [ RunTime:0.0004s ]
INFO: Run Behavior\ParseTemplateBehavior [ RunTime:0.072454s ]
INFO: [ view_parse ] --END-- [ RunTime:0.072651s ]
INFO: [ view_filter ] --START--
INFO: Run Behavior\WriteHtmlCacheBehavior [ RunTime:0.000638s ]
INFO: [ view_filter ] --END-- [ RunTime:0.000809s ]
INFO: [ app_end ] --START--
INFO: Run Behavior\ShowPageTraceBehavior [ RunTime:0.000843s ]
INFO: [ app_end ] --END-- [ RunTime:0.001032s ]

